2026-03-05T10:14:31.443+01:00  INFO 61796 --- [erkezteto2] [main] c.e.erkezteto2.Erkezteto2Application     : Starting Erkezteto2Application using Java 25.0.2 with PID 61796 (D:\Munka\Yettel\2026\erkezteto2\target\classes started by ThinkPad in D:\Munka\Yettel\2026\erkezteto2)
2026-03-05T10:14:31.453+01:00  INFO 61796 --- [erkezteto2] [main] c.e.erkezteto2.Erkezteto2Application     : No active profile set, falling back to 1 default profile: "default"
2026-03-05T10:14:32.061+01:00  INFO 61796 --- [erkezteto2] [main] .s.d.r.c.RepositoryConfigurationDelegate : Bootstrapping Spring Data JPA repositories in DEFAULT mode.
2026-03-05T10:14:32.117+01:00  INFO 61796 --- [erkezteto2] [main] .s.d.r.c.RepositoryConfigurationDelegate : Finished Spring Data repository scanning in 47 ms. Found 1 JPA repository interface.
2026-03-05T10:14:32.528+01:00  INFO 61796 --- [erkezteto2] [main] o.s.boot.tomcat.TomcatWebServer          : Tomcat initialized with port 8080 (http)
2026-03-05T10:14:32.542+01:00  INFO 61796 --- [erkezteto2] [main] o.apache.catalina.core.StandardService   : Starting service [Tomcat]
2026-03-05T10:14:32.543+01:00  INFO 61796 --- [erkezteto2] [main] o.apache.catalina.core.StandardEngine    : Starting Servlet engine: [Apache Tomcat/11.0.14]
2026-03-05T10:14:32.596+01:00  INFO 61796 --- [erkezteto2] [main] b.w.c.s.WebApplicationContextInitializer : Root WebApplicationContext: initialization completed in 1089 ms
2026-03-05T10:14:32.705+01:00  WARN 61796 --- [erkezteto2] [main] ConfigServletWebServerApplicationContext : Exception encountered during context initialization - cancelling refresh attempt: org.springframework.beans.factory.BeanCreationException: Error creating bean with name 'entityManagerFactory' defined in class path resource [org/springframework/boot/hibernate/autoconfigure/HibernateJpaConfiguration.class]: Failed to initialize dependency 'dataSourceScriptDatabaseInitializer' of LoadTimeWeaverAware bean 'entityManagerFactory': Error creating bean with name 'dataSourceScriptDatabaseInitializer' defined in class path resource [org/springframework/boot/jdbc/autoconfigure/DataSourceInitializationAutoConfiguration.class]: Unsatisfied dependency expressed through method 'dataSourceScriptDatabaseInitializer' parameter 0: Error creating bean with name 'dataSource' defined in class path resource [org/springframework/boot/jdbc/autoconfigure/DataSourceConfiguration$Hikari.class]: Failed to instantiate [com.zaxxer.hikari.HikariDataSource]: Factory method 'dataSource' threw exception with message: Failed to determine suitable jdbc url
2026-03-05T10:14:32.708+01:00  INFO 61796 --- [erkezteto2] [main] o.apache.catalina.core.StandardService   : Stopping service [Tomcat]
2026-03-05T10:14:32.748+01:00  INFO 61796 --- [erkezteto2] [main] .s.b.a.l.ConditionEvaluationReportLogger : 

Error starting ApplicationContext. To display the condition evaluation report re-run your application with 'debug' enabled.
2026-03-05T10:14:32.761+01:00 ERROR 61796 --- [erkezteto2] [main] o.s.b.d.LoggingFailureAnalysisReporter   : 

***************************
APPLICATION FAILED TO START
***************************

Description:

Failed to configure a DataSource: 'url' attribute is not specified and no embedded datasource could be configured.

Reason: Failed to determine suitable jdbc url


Action:

Consider the following:
	If you want an embedded database (H2, HSQL or Derby), please put it on the classpath.
	If you have database settings to be loaded from a particular profile you may need to activate it (no profiles are currently active).

